TypeError: Assignment to constant variable.
    at Object.<anonymous> (/home/ayanami/source/learn/koa2-weibo-code/koa2-weibo-learn/src/app.js:32:15)
    at Module._compile (internal/modules/cjs/loader.js:1085:14)
    at Object.Module._extensions..js (internal/modules/cjs/loader.js:1114:10)
    at Module.load (internal/modules/cjs/loader.js:950:32)
    at Function.Module._load (internal/modules/cjs/loader.js:790:12)
    at Module.require (internal/modules/cjs/loader.js:974:19)
    at Module.Hook._require.Module.require (/usr/lib/node_modules/pm2/node_modules/require-in-the-middle/index.js:80:39)
    at require (internal/modules/cjs/helpers.js:93:18)
    at Object.<anonymous> (/home/ayanami/source/learn/koa2-weibo-code/koa2-weibo-learn/bin/www:7:11)
    at Module._compile (internal/modules/cjs/loader.js:1085:14)
    at Object.Module._extensions..js (internal/modules/cjs/loader.js:1114:10)
    at Module.load (internal/modules/cjs/loader.js:950:32)
    at Function.Module._load (internal/modules/cjs/loader.js:790:12)
    at /usr/lib/node_modules/pm2/lib/ProcessContainer.js:303:25
    at wrapper (/usr/lib/node_modules/pm2/node_modules/async/internal/once.js:12:16)
    at next (/usr/lib/node_modules/pm2/node_modules/async/waterfall.js:96:20)
TypeError: Assignment to constant variable.
    at Object.<anonymous> (/home/ayanami/source/learn/koa2-weibo-code/koa2-weibo-learn/src/app.js:32:15)
    at Module._compile (internal/modules/cjs/loader.js:1085:14)
    at Object.Module._extensions..js (internal/modules/cjs/loader.js:1114:10)
    at Module.load (internal/modules/cjs/loader.js:950:32)
    at Function.Module._load (internal/modules/cjs/loader.js:790:12)
    at Module.require (internal/modules/cjs/loader.js:974:19)
    at Module.Hook._require.Module.require (/usr/lib/node_modules/pm2/node_modules/require-in-the-middle/index.js:80:39)
    at require (internal/modules/cjs/helpers.js:93:18)
    at Object.<anonymous> (/home/ayanami/source/learn/koa2-weibo-code/koa2-weibo-learn/bin/www:7:11)
    at Module._compile (internal/modules/cjs/loader.js:1085:14)
    at Object.Module._extensions..js (internal/modules/cjs/loader.js:1114:10)
    at Module.load (internal/modules/cjs/loader.js:950:32)
    at Function.Module._load (internal/modules/cjs/loader.js:790:12)
    at /usr/lib/node_modules/pm2/lib/ProcessContainer.js:303:25
    at wrapper (/usr/lib/node_modules/pm2/node_modules/async/internal/once.js:12:16)
    at next (/usr/lib/node_modules/pm2/node_modules/async/waterfall.js:96:20)
TypeError: Assignment to constant variable.
    at Object.<anonymous> (/home/ayanami/source/learn/koa2-weibo-code/koa2-weibo-learn/src/app.js:32:15)
    at Module._compile (internal/modules/cjs/loader.js:1085:14)
    at Object.Module._extensions..js (internal/modules/cjs/loader.js:1114:10)
    at Module.load (internal/modules/cjs/loader.js:950:32)
    at Function.Module._load (internal/modules/cjs/loader.js:790:12)
    at Module.require (internal/modules/cjs/loader.js:974:19)
    at Module.Hook._require.Module.require (/usr/lib/node_modules/pm2/node_modules/require-in-the-middle/index.js:80:39)
    at require (internal/modules/cjs/helpers.js:93:18)
    at Object.<anonymous> (/home/ayanami/source/learn/koa2-weibo-code/koa2-weibo-learn/bin/www:7:11)
    at Module._compile (internal/modules/cjs/loader.js:1085:14)
    at Object.Module._extensions..js (internal/modules/cjs/loader.js:1114:10)
    at Module.load (internal/modules/cjs/loader.js:950:32)
    at Function.Module._load (internal/modules/cjs/loader.js:790:12)
    at /usr/lib/node_modules/pm2/lib/ProcessContainer.js:303:25
    at wrapper (/usr/lib/node_modules/pm2/node_modules/async/internal/once.js:12:16)
    at next (/usr/lib/node_modules/pm2/node_modules/async/waterfall.js:96:20)
TypeError: Assignment to constant variable.
    at Object.<anonymous> (/home/ayanami/source/learn/koa2-weibo-code/koa2-weibo-learn/src/app.js:32:15)
    at Module._compile (internal/modules/cjs/loader.js:1085:14)
    at Object.Module._extensions..js (internal/modules/cjs/loader.js:1114:10)
    at Module.load (internal/modules/cjs/loader.js:950:32)
    at Function.Module._load (internal/modules/cjs/loader.js:790:12)
    at Module.require (internal/modules/cjs/loader.js:974:19)
    at Module.Hook._require.Module.require (/usr/lib/node_modules/pm2/node_modules/require-in-the-middle/index.js:80:39)
    at require (internal/modules/cjs/helpers.js:93:18)
    at Object.<anonymous> (/home/ayanami/source/learn/koa2-weibo-code/koa2-weibo-learn/bin/www:7:11)
    at Module._compile (internal/modules/cjs/loader.js:1085:14)
    at Object.Module._extensions..js (internal/modules/cjs/loader.js:1114:10)
    at Module.load (internal/modules/cjs/loader.js:950:32)
    at Function.Module._load (internal/modules/cjs/loader.js:790:12)
    at /usr/lib/node_modules/pm2/lib/ProcessContainer.js:303:25
    at wrapper (/usr/lib/node_modules/pm2/node_modules/async/internal/once.js:12:16)
    at next (/usr/lib/node_modules/pm2/node_modules/async/waterfall.js:96:20)
TypeError: Assignment to constant variable.
    at Object.<anonymous> (/home/ayanami/source/learn/koa2-weibo-code/koa2-weibo-learn/src/app.js:32:15)
    at Module._compile (internal/modules/cjs/loader.js:1085:14)
    at Object.Module._extensions..js (internal/modules/cjs/loader.js:1114:10)
    at Module.load (internal/modules/cjs/loader.js:950:32)
    at Function.Module._load (internal/modules/cjs/loader.js:790:12)
    at Module.require (internal/modules/cjs/loader.js:974:19)
    at Module.Hook._require.Module.require (/usr/lib/node_modules/pm2/node_modules/require-in-the-middle/index.js:80:39)
    at require (internal/modules/cjs/helpers.js:93:18)
    at Object.<anonymous> (/home/ayanami/source/learn/koa2-weibo-code/koa2-weibo-learn/bin/www:7:11)
    at Module._compile (internal/modules/cjs/loader.js:1085:14)
    at Object.Module._extensions..js (internal/modules/cjs/loader.js:1114:10)
    at Module.load (internal/modules/cjs/loader.js:950:32)
    at Function.Module._load (internal/modules/cjs/loader.js:790:12)
    at /usr/lib/node_modules/pm2/lib/ProcessContainer.js:303:25
    at wrapper (/usr/lib/node_modules/pm2/node_modules/async/internal/once.js:12:16)
    at next (/usr/lib/node_modules/pm2/node_modules/async/waterfall.js:96:20)
TypeError: Assignment to constant variable.
    at Object.<anonymous> (/home/ayanami/source/learn/koa2-weibo-code/koa2-weibo-learn/src/app.js:32:15)
    at Module._compile (internal/modules/cjs/loader.js:1085:14)
    at Object.Module._extensions..js (internal/modules/cjs/loader.js:1114:10)
    at Module.load (internal/modules/cjs/loader.js:950:32)
    at Function.Module._load (internal/modules/cjs/loader.js:790:12)
    at Module.require (internal/modules/cjs/loader.js:974:19)
    at Module.Hook._require.Module.require (/usr/lib/node_modules/pm2/node_modules/require-in-the-middle/index.js:80:39)
    at require (internal/modules/cjs/helpers.js:93:18)
    at Object.<anonymous> (/home/ayanami/source/learn/koa2-weibo-code/koa2-weibo-learn/bin/www:7:11)
    at Module._compile (internal/modules/cjs/loader.js:1085:14)
    at Object.Module._extensions..js (internal/modules/cjs/loader.js:1114:10)
    at Module.load (internal/modules/cjs/loader.js:950:32)
    at Function.Module._load (internal/modules/cjs/loader.js:790:12)
    at /usr/lib/node_modules/pm2/lib/ProcessContainer.js:303:25
    at wrapper (/usr/lib/node_modules/pm2/node_modules/async/internal/once.js:12:16)
    at next (/usr/lib/node_modules/pm2/node_modules/async/waterfall.js:96:20)
TypeError: Assignment to constant variable.
    at Object.<anonymous> (/home/ayanami/source/learn/koa2-weibo-code/koa2-weibo-learn/src/app.js:32:15)
    at Module._compile (internal/modules/cjs/loader.js:1085:14)
    at Object.Module._extensions..js (internal/modules/cjs/loader.js:1114:10)
    at Module.load (internal/modules/cjs/loader.js:950:32)
    at Function.Module._load (internal/modules/cjs/loader.js:790:12)
    at Module.require (internal/modules/cjs/loader.js:974:19)
    at Module.Hook._require.Module.require (/usr/lib/node_modules/pm2/node_modules/require-in-the-middle/index.js:80:39)
    at require (internal/modules/cjs/helpers.js:93:18)
    at Object.<anonymous> (/home/ayanami/source/learn/koa2-weibo-code/koa2-weibo-learn/bin/www:7:11)
    at Module._compile (internal/modules/cjs/loader.js:1085:14)
    at Object.Module._extensions..js (internal/modules/cjs/loader.js:1114:10)
    at Module.load (internal/modules/cjs/loader.js:950:32)
    at Function.Module._load (internal/modules/cjs/loader.js:790:12)
    at /usr/lib/node_modules/pm2/lib/ProcessContainer.js:303:25
    at wrapper (/usr/lib/node_modules/pm2/node_modules/async/internal/once.js:12:16)
    at next (/usr/lib/node_modules/pm2/node_modules/async/waterfall.js:96:20)
TypeError: Assignment to constant variable.
    at Object.<anonymous> (/home/ayanami/source/learn/koa2-weibo-code/koa2-weibo-learn/src/app.js:32:15)
    at Module._compile (internal/modules/cjs/loader.js:1085:14)
    at Object.Module._extensions..js (internal/modules/cjs/loader.js:1114:10)
    at Module.load (internal/modules/cjs/loader.js:950:32)
    at Function.Module._load (internal/modules/cjs/loader.js:790:12)
    at Module.require (internal/modules/cjs/loader.js:974:19)
    at Module.Hook._require.Module.require (/usr/lib/node_modules/pm2/node_modules/require-in-the-middle/index.js:80:39)
    at require (internal/modules/cjs/helpers.js:93:18)
    at Object.<anonymous> (/home/ayanami/source/learn/koa2-weibo-code/koa2-weibo-learn/bin/www:7:11)
    at Module._compile (internal/modules/cjs/loader.js:1085:14)
    at Object.Module._extensions..js (internal/modules/cjs/loader.js:1114:10)
    at Module.load (internal/modules/cjs/loader.js:950:32)
    at Function.Module._load (internal/modules/cjs/loader.js:790:12)
    at /usr/lib/node_modules/pm2/lib/ProcessContainer.js:303:25
    at wrapper (/usr/lib/node_modules/pm2/node_modules/async/internal/once.js:12:16)
    at next (/usr/lib/node_modules/pm2/node_modules/async/waterfall.js:96:20)
TypeError: Assignment to constant variable.
    at Object.<anonymous> (/home/ayanami/source/learn/koa2-weibo-code/koa2-weibo-learn/src/app.js:32:15)
    at Module._compile (internal/modules/cjs/loader.js:1085:14)
    at Object.Module._extensions..js (internal/modules/cjs/loader.js:1114:10)
    at Module.load (internal/modules/cjs/loader.js:950:32)
    at Function.Module._load (internal/modules/cjs/loader.js:790:12)
    at Module.require (internal/modules/cjs/loader.js:974:19)
    at Module.Hook._require.Module.require (/usr/lib/node_modules/pm2/node_modules/require-in-the-middle/index.js:80:39)
    at require (internal/modules/cjs/helpers.js:93:18)
    at Object.<anonymous> (/home/ayanami/source/learn/koa2-weibo-code/koa2-weibo-learn/bin/www:7:11)
    at Module._compile (internal/modules/cjs/loader.js:1085:14)
    at Object.Module._extensions..js (internal/modules/cjs/loader.js:1114:10)
    at Module.load (internal/modules/cjs/loader.js:950:32)
    at Function.Module._load (internal/modules/cjs/loader.js:790:12)
    at /usr/lib/node_modules/pm2/lib/ProcessContainer.js:303:25
    at wrapper (/usr/lib/node_modules/pm2/node_modules/async/internal/once.js:12:16)
    at next (/usr/lib/node_modules/pm2/node_modules/async/waterfall.js:96:20)
TypeError: Assignment to constant variable.
    at Object.<anonymous> (/home/ayanami/source/learn/koa2-weibo-code/koa2-weibo-learn/src/app.js:32:15)
    at Module._compile (internal/modules/cjs/loader.js:1085:14)
    at Object.Module._extensions..js (internal/modules/cjs/loader.js:1114:10)
    at Module.load (internal/modules/cjs/loader.js:950:32)
    at Function.Module._load (internal/modules/cjs/loader.js:790:12)
    at Module.require (internal/modules/cjs/loader.js:974:19)
    at Module.Hook._require.Module.require (/usr/lib/node_modules/pm2/node_modules/require-in-the-middle/index.js:80:39)
    at require (internal/modules/cjs/helpers.js:93:18)
    at Object.<anonymous> (/home/ayanami/source/learn/koa2-weibo-code/koa2-weibo-learn/bin/www:7:11)
    at Module._compile (internal/modules/cjs/loader.js:1085:14)
    at Object.Module._extensions..js (internal/modules/cjs/loader.js:1114:10)
    at Module.load (internal/modules/cjs/loader.js:950:32)
    at Function.Module._load (internal/modules/cjs/loader.js:790:12)
    at /usr/lib/node_modules/pm2/lib/ProcessContainer.js:303:25
    at wrapper (/usr/lib/node_modules/pm2/node_modules/async/internal/once.js:12:16)
    at next (/usr/lib/node_modules/pm2/node_modules/async/waterfall.js:96:20)
TypeError: Assignment to constant variable.
    at Object.<anonymous> (/home/ayanami/source/learn/koa2-weibo-code/koa2-weibo-learn/src/app.js:32:15)
    at Module._compile (internal/modules/cjs/loader.js:1085:14)
    at Object.Module._extensions..js (internal/modules/cjs/loader.js:1114:10)
    at Module.load (internal/modules/cjs/loader.js:950:32)
    at Function.Module._load (internal/modules/cjs/loader.js:790:12)
    at Module.require (internal/modules/cjs/loader.js:974:19)
    at Module.Hook._require.Module.require (/usr/lib/node_modules/pm2/node_modules/require-in-the-middle/index.js:80:39)
    at require (internal/modules/cjs/helpers.js:93:18)
    at Object.<anonymous> (/home/ayanami/source/learn/koa2-weibo-code/koa2-weibo-learn/bin/www:7:11)
    at Module._compile (internal/modules/cjs/loader.js:1085:14)
    at Object.Module._extensions..js (internal/modules/cjs/loader.js:1114:10)
    at Module.load (internal/modules/cjs/loader.js:950:32)
    at Function.Module._load (internal/modules/cjs/loader.js:790:12)
    at /usr/lib/node_modules/pm2/lib/ProcessContainer.js:303:25
    at wrapper (/usr/lib/node_modules/pm2/node_modules/async/internal/once.js:12:16)
    at next (/usr/lib/node_modules/pm2/node_modules/async/waterfall.js:96:20)
TypeError: Assignment to constant variable.
    at Object.<anonymous> (/home/ayanami/source/learn/koa2-weibo-code/koa2-weibo-learn/src/app.js:32:15)
    at Module._compile (internal/modules/cjs/loader.js:1085:14)
    at Object.Module._extensions..js (internal/modules/cjs/loader.js:1114:10)
    at Module.load (internal/modules/cjs/loader.js:950:32)
    at Function.Module._load (internal/modules/cjs/loader.js:790:12)
    at Module.require (internal/modules/cjs/loader.js:974:19)
    at Module.Hook._require.Module.require (/usr/lib/node_modules/pm2/node_modules/require-in-the-middle/index.js:80:39)
    at require (internal/modules/cjs/helpers.js:93:18)
    at Object.<anonymous> (/home/ayanami/source/learn/koa2-weibo-code/koa2-weibo-learn/bin/www:7:11)
    at Module._compile (internal/modules/cjs/loader.js:1085:14)
    at Object.Module._extensions..js (internal/modules/cjs/loader.js:1114:10)
    at Module.load (internal/modules/cjs/loader.js:950:32)
    at Function.Module._load (internal/modules/cjs/loader.js:790:12)
    at /usr/lib/node_modules/pm2/lib/ProcessContainer.js:303:25
    at wrapper (/usr/lib/node_modules/pm2/node_modules/async/internal/once.js:12:16)
    at next (/usr/lib/node_modules/pm2/node_modules/async/waterfall.js:96:20)
TypeError: Assignment to constant variable.
    at Object.<anonymous> (/home/ayanami/source/learn/koa2-weibo-code/koa2-weibo-learn/src/app.js:32:15)
    at Module._compile (internal/modules/cjs/loader.js:1085:14)
    at Object.Module._extensions..js (internal/modules/cjs/loader.js:1114:10)
    at Module.load (internal/modules/cjs/loader.js:950:32)
    at Function.Module._load (internal/modules/cjs/loader.js:790:12)
    at Module.require (internal/modules/cjs/loader.js:974:19)
    at Module.Hook._require.Module.require (/usr/lib/node_modules/pm2/node_modules/require-in-the-middle/index.js:80:39)
    at require (internal/modules/cjs/helpers.js:93:18)
    at Object.<anonymous> (/home/ayanami/source/learn/koa2-weibo-code/koa2-weibo-learn/bin/www:7:11)
    at Module._compile (internal/modules/cjs/loader.js:1085:14)
    at Object.Module._extensions..js (internal/modules/cjs/loader.js:1114:10)
    at Module.load (internal/modules/cjs/loader.js:950:32)
    at Function.Module._load (internal/modules/cjs/loader.js:790:12)
    at /usr/lib/node_modules/pm2/lib/ProcessContainer.js:303:25
    at wrapper (/usr/lib/node_modules/pm2/node_modules/async/internal/once.js:12:16)
    at next (/usr/lib/node_modules/pm2/node_modules/async/waterfall.js:96:20)
TypeError: Assignment to constant variable.
    at Object.<anonymous> (/home/ayanami/source/learn/koa2-weibo-code/koa2-weibo-learn/src/app.js:32:15)
    at Module._compile (internal/modules/cjs/loader.js:1085:14)
    at Object.Module._extensions..js (internal/modules/cjs/loader.js:1114:10)
    at Module.load (internal/modules/cjs/loader.js:950:32)
    at Function.Module._load (internal/modules/cjs/loader.js:790:12)
    at Module.require (internal/modules/cjs/loader.js:974:19)
    at Module.Hook._require.Module.require (/usr/lib/node_modules/pm2/node_modules/require-in-the-middle/index.js:80:39)
    at require (internal/modules/cjs/helpers.js:93:18)
    at Object.<anonymous> (/home/ayanami/source/learn/koa2-weibo-code/koa2-weibo-learn/bin/www:7:11)
    at Module._compile (internal/modules/cjs/loader.js:1085:14)
    at Object.Module._extensions..js (internal/modules/cjs/loader.js:1114:10)
    at Module.load (internal/modules/cjs/loader.js:950:32)
    at Function.Module._load (internal/modules/cjs/loader.js:790:12)
    at /usr/lib/node_modules/pm2/lib/ProcessContainer.js:303:25
    at wrapper (/usr/lib/node_modules/pm2/node_modules/async/internal/once.js:12:16)
    at next (/usr/lib/node_modules/pm2/node_modules/async/waterfall.js:96:20)
TypeError: Assignment to constant variable.
    at Object.<anonymous> (/home/ayanami/source/learn/koa2-weibo-code/koa2-weibo-learn/src/app.js:32:15)
    at Module._compile (internal/modules/cjs/loader.js:1085:14)
    at Object.Module._extensions..js (internal/modules/cjs/loader.js:1114:10)
    at Module.load (internal/modules/cjs/loader.js:950:32)
    at Function.Module._load (internal/modules/cjs/loader.js:790:12)
    at Module.require (internal/modules/cjs/loader.js:974:19)
    at Module.Hook._require.Module.require (/usr/lib/node_modules/pm2/node_modules/require-in-the-middle/index.js:80:39)
    at require (internal/modules/cjs/helpers.js:93:18)
    at Object.<anonymous> (/home/ayanami/source/learn/koa2-weibo-code/koa2-weibo-learn/bin/www:7:11)
    at Module._compile (internal/modules/cjs/loader.js:1085:14)
    at Object.Module._extensions..js (internal/modules/cjs/loader.js:1114:10)
    at Module.load (internal/modules/cjs/loader.js:950:32)
    at Function.Module._load (internal/modules/cjs/loader.js:790:12)
    at /usr/lib/node_modules/pm2/lib/ProcessContainer.js:303:25
    at wrapper (/usr/lib/node_modules/pm2/node_modules/async/internal/once.js:12:16)
    at next (/usr/lib/node_modules/pm2/node_modules/async/waterfall.js:96:20)
TypeError: Assignment to constant variable.
    at Object.<anonymous> (/home/ayanami/source/learn/koa2-weibo-code/koa2-weibo-learn/src/app.js:32:15)
    at Module._compile (internal/modules/cjs/loader.js:1085:14)
    at Object.Module._extensions..js (internal/modules/cjs/loader.js:1114:10)
    at Module.load (internal/modules/cjs/loader.js:950:32)
    at Function.Module._load (internal/modules/cjs/loader.js:790:12)
    at Module.require (internal/modules/cjs/loader.js:974:19)
    at Module.Hook._require.Module.require (/usr/lib/node_modules/pm2/node_modules/require-in-the-middle/index.js:80:39)
    at require (internal/modules/cjs/helpers.js:93:18)
    at Object.<anonymous> (/home/ayanami/source/learn/koa2-weibo-code/koa2-weibo-learn/bin/www:7:11)
    at Module._compile (internal/modules/cjs/loader.js:1085:14)
    at Object.Module._extensions..js (internal/modules/cjs/loader.js:1114:10)
    at Module.load (internal/modules/cjs/loader.js:950:32)
    at Function.Module._load (internal/modules/cjs/loader.js:790:12)
    at /usr/lib/node_modules/pm2/lib/ProcessContainer.js:303:25
    at wrapper (/usr/lib/node_modules/pm2/node_modules/async/internal/once.js:12:16)
    at next (/usr/lib/node_modules/pm2/node_modules/async/waterfall.js:96:20)
TypeError: Assignment to constant variable.
    at Object.<anonymous> (/home/ayanami/source/learn/koa2-weibo-code/koa2-weibo-learn/src/app.js:32:15)
    at Module._compile (internal/modules/cjs/loader.js:1085:14)
    at Object.Module._extensions..js (internal/modules/cjs/loader.js:1114:10)
    at Module.load (internal/modules/cjs/loader.js:950:32)
    at Function.Module._load (internal/modules/cjs/loader.js:790:12)
    at Module.require (internal/modules/cjs/loader.js:974:19)
    at Module.Hook._require.Module.require (/usr/lib/node_modules/pm2/node_modules/require-in-the-middle/index.js:80:39)
    at require (internal/modules/cjs/helpers.js:93:18)
    at Object.<anonymous> (/home/ayanami/source/learn/koa2-weibo-code/koa2-weibo-learn/bin/www:7:11)
    at Module._compile (internal/modules/cjs/loader.js:1085:14)
    at Object.Module._extensions..js (internal/modules/cjs/loader.js:1114:10)
    at Module.load (internal/modules/cjs/loader.js:950:32)
    at Function.Module._load (internal/modules/cjs/loader.js:790:12)
    at /usr/lib/node_modules/pm2/lib/ProcessContainer.js:303:25
    at wrapper (/usr/lib/node_modules/pm2/node_modules/async/internal/once.js:12:16)
    at next (/usr/lib/node_modules/pm2/node_modules/async/waterfall.js:96:20)
TypeError: Assignment to constant variable.
    at Object.<anonymous> (/home/ayanami/source/learn/koa2-weibo-code/koa2-weibo-learn/src/app.js:32:15)
    at Module._compile (internal/modules/cjs/loader.js:1085:14)
    at Object.Module._extensions..js (internal/modules/cjs/loader.js:1114:10)
    at Module.load (internal/modules/cjs/loader.js:950:32)
    at Function.Module._load (internal/modules/cjs/loader.js:790:12)
    at Module.require (internal/modules/cjs/loader.js:974:19)
    at Module.Hook._require.Module.require (/usr/lib/node_modules/pm2/node_modules/require-in-the-middle/index.js:80:39)
    at require (internal/modules/cjs/helpers.js:93:18)
    at Object.<anonymous> (/home/ayanami/source/learn/koa2-weibo-code/koa2-weibo-learn/bin/www:7:11)
    at Module._compile (internal/modules/cjs/loader.js:1085:14)
    at Object.Module._extensions..js (internal/modules/cjs/loader.js:1114:10)
    at Module.load (internal/modules/cjs/loader.js:950:32)
    at Function.Module._load (internal/modules/cjs/loader.js:790:12)
    at /usr/lib/node_modules/pm2/lib/ProcessContainer.js:303:25
    at wrapper (/usr/lib/node_modules/pm2/node_modules/async/internal/once.js:12:16)
    at next (/usr/lib/node_modules/pm2/node_modules/async/waterfall.js:96:20)
TypeError: Assignment to constant variable.
    at Object.<anonymous> (/home/ayanami/source/learn/koa2-weibo-code/koa2-weibo-learn/src/app.js:32:15)
    at Module._compile (internal/modules/cjs/loader.js:1085:14)
    at Object.Module._extensions..js (internal/modules/cjs/loader.js:1114:10)
    at Module.load (internal/modules/cjs/loader.js:950:32)
    at Function.Module._load (internal/modules/cjs/loader.js:790:12)
    at Module.require (internal/modules/cjs/loader.js:974:19)
    at Module.Hook._require.Module.require (/usr/lib/node_modules/pm2/node_modules/require-in-the-middle/index.js:80:39)
    at require (internal/modules/cjs/helpers.js:93:18)
    at Object.<anonymous> (/home/ayanami/source/learn/koa2-weibo-code/koa2-weibo-learn/bin/www:7:11)
    at Module._compile (internal/modules/cjs/loader.js:1085:14)
    at Object.Module._extensions..js (internal/modules/cjs/loader.js:1114:10)
    at Module.load (internal/modules/cjs/loader.js:950:32)
    at Function.Module._load (internal/modules/cjs/loader.js:790:12)
    at /usr/lib/node_modules/pm2/lib/ProcessContainer.js:303:25
    at wrapper (/usr/lib/node_modules/pm2/node_modules/async/internal/once.js:12:16)
    at next (/usr/lib/node_modules/pm2/node_modules/async/waterfall.js:96:20)
2021-12-02 18:03:52: /usr/bin/bash: line 1: nodemon: command not found
2021-12-02 18:03:52: /usr/bin/bash: line 1: nodemon: command not found
2021-12-02 18:03:52: /usr/bin/bash: line 1: nodemon: command not found
2021-12-02 18:03:52: /usr/bin/bash: line 1: nodemon: command not found
2021-12-02 18:03:52: /usr/bin/bash: line 1: nodemon: command not found
2021-12-02 18:03:52: /usr/bin/bash: line 1: nodemon: command not found
2021-12-02 18:03:52: /usr/bin/bash: line 1: nodemon: command not found
2021-12-02 18:03:52: /usr/bin/bash: line 1: nodemon: command not found
2021-12-02 18:03:52: /usr/bin/bash: line 1: nodemon: command not found
2021-12-02 18:03:53: /usr/bin/bash: line 1: nodemon: command not found
2021-12-02 18:03:53: /usr/bin/bash: line 1: nodemon: command not found
2021-12-02 18:03:53: /usr/bin/bash: line 1: nodemon: command not found
2021-12-02 18:03:53: /usr/bin/bash: line 1: nodemon: command not found
2021-12-02 18:03:53: /usr/bin/bash: line 1: nodemon: command not found
2021-12-02 18:03:53: /usr/bin/bash: line 1: nodemon: command not found
2021-12-02 18:03:53: /usr/bin/bash: line 1: nodemon: command not found
2021-12-02 18:04:02: /usr/bin/bash: line 1: nodemon: command not found
2021-12-02 18:04:02: /usr/bin/bash: line 1: nodemon: command not found
2021-12-02 18:04:02: /usr/bin/bash: line 1: nodemon: command not found
2021-12-02 18:04:02: /usr/bin/bash: line 1: nodemon: command not found
2021-12-02 18:04:02: /usr/bin/bash: line 1: nodemon: command not found
2021-12-02 18:04:02: /usr/bin/bash: line 1: nodemon: command not found
2021-12-02 18:04:02: /usr/bin/bash: line 1: nodemon: command not found
2021-12-02 18:04:02: /usr/bin/bash: line 1: nodemon: command not found
2021-12-02 18:04:02: /usr/bin/bash: line 1: nodemon: command not found
2021-12-02 18:04:02: /usr/bin/bash: line 1: nodemon: command not found
2021-12-02 18:04:02: /usr/bin/bash: line 1: nodemon: command not found
2021-12-02 18:04:02: /usr/bin/bash: line 1: nodemon: command not found
2021-12-02 18:04:02: /usr/bin/bash: line 1: nodemon: command not found
2021-12-02 18:04:02: /usr/bin/bash: line 1: nodemon: command not found
2021-12-02 18:04:02: /usr/bin/bash: line 1: nodemon: command not found
2021-12-02 18:04:02: /usr/bin/bash: line 1: nodemon: command not found
2021-12-02 18:04:09: /usr/bin/bash: line 1: nodemon: command not found
2021-12-02 18:04:09: /usr/bin/bash: line 1: nodemon: command not found
2021-12-02 18:04:09: /usr/bin/bash: line 1: nodemon: command not found
2021-12-02 18:04:09: /usr/bin/bash: line 1: nodemon: command not found
2021-12-02 18:04:09: /usr/bin/bash: line 1: nodemon: command not found
2021-12-02 18:04:09: /usr/bin/bash: line 1: nodemon: command not found
2021-12-02 18:04:09: /usr/bin/bash: line 1: nodemon: command not found
2021-12-02 18:04:09: /usr/bin/bash: line 1: nodemon: command not found
2021-12-02 18:04:09: /usr/bin/bash: line 1: nodemon: command not found
2021-12-02 18:04:09: /usr/bin/bash: line 1: nodemon: command not found
2021-12-02 18:04:09: /usr/bin/bash: line 1: nodemon: command not found
2021-12-02 18:04:09: /usr/bin/bash: line 1: nodemon: command not found
2021-12-02 18:04:09: /usr/bin/bash: line 1: nodemon: command not found
2021-12-02 18:04:09: /usr/bin/bash: line 1: nodemon: command not found
2021-12-02 18:04:09: /usr/bin/bash: line 1: nodemon: command not found
2021-12-02 18:04:09: /usr/bin/bash: line 1: nodemon: command not found
2021-12-02 18:04:11: /usr/bin/bash: line 1: nodemon: command not found
2021-12-02 18:04:11: /usr/bin/bash: line 1: nodemon: command not found
2021-12-02 18:04:11: /usr/bin/bash: line 1: nodemon: command not found
2021-12-02 18:04:11: /usr/bin/bash: line 1: nodemon: command not found
2021-12-02 18:04:11: /usr/bin/bash: line 1: nodemon: command not found
2021-12-02 18:04:11: /usr/bin/bash: line 1: nodemon: command not found
2021-12-02 18:04:11: /usr/bin/bash: line 1: nodemon: command not found
2021-12-02 18:04:11: /usr/bin/bash: line 1: nodemon: command not found
2021-12-02 18:04:11: /usr/bin/bash: line 1: nodemon: command not found
2021-12-02 18:04:11: /usr/bin/bash: line 1: nodemon: command not found
2021-12-02 18:04:11: /usr/bin/bash: line 1: nodemon: command not found
2021-12-02 18:04:11: /usr/bin/bash: line 1: nodemon: command not found
2021-12-02 18:04:11: /usr/bin/bash: line 1: nodemon: command not found
2021-12-02 18:04:11: /usr/bin/bash: line 1: nodemon: command not found
2021-12-02 18:04:11: /usr/bin/bash: line 1: nodemon: command not found
2021-12-02 18:04:11: /usr/bin/bash: line 1: nodemon: command not found
2021-12-02 18:04:12: /usr/bin/bash: line 1: nodemon: command not found
2021-12-02 18:04:12: /usr/bin/bash: line 1: nodemon: command not found
2021-12-02 18:04:12: /usr/bin/bash: line 1: nodemon: command not found
2021-12-02 18:04:12: /usr/bin/bash: line 1: nodemon: command not found
2021-12-02 18:04:12: /usr/bin/bash: line 1: nodemon: command not found
2021-12-02 18:04:12: /usr/bin/bash: line 1: nodemon: command not found
2021-12-02 18:04:12: /usr/bin/bash: line 1: nodemon: command not found
2021-12-02 18:04:12: /usr/bin/bash: line 1: nodemon: command not found
2021-12-02 18:04:12: /usr/bin/bash: line 1: nodemon: command not found
2021-12-02 18:04:12: /usr/bin/bash: line 1: nodemon: command not found
2021-12-02 18:04:12: /usr/bin/bash: line 1: nodemon: command not found
2021-12-02 18:04:12: /usr/bin/bash: line 1: nodemon: command not found
2021-12-02 18:04:12: /usr/bin/bash: line 1: nodemon: command not found
2021-12-02 18:04:12: /usr/bin/bash: line 1: nodemon: command not found
2021-12-02 18:04:12: /usr/bin/bash: line 1: nodemon: command not found
2021-12-02 18:04:12: /usr/bin/bash: line 1: nodemon: command not found
TypeError: Assignment to constant variable.
    at Object.<anonymous> (/home/ayanami/source/learn/koa2-weibo-code/koa2-weibo-learn/src/app.js:32:15)
    at Module._compile (internal/modules/cjs/loader.js:1085:14)
    at Object.Module._extensions..js (internal/modules/cjs/loader.js:1114:10)
    at Module.load (internal/modules/cjs/loader.js:950:32)
    at Function.Module._load (internal/modules/cjs/loader.js:790:12)
    at Module.require (internal/modules/cjs/loader.js:974:19)
    at Module.Hook._require.Module.require (/usr/lib/node_modules/pm2/node_modules/require-in-the-middle/index.js:80:39)
    at require (internal/modules/cjs/helpers.js:93:18)
    at Object.<anonymous> (/home/ayanami/source/learn/koa2-weibo-code/koa2-weibo-learn/bin/www:7:11)
    at Module._compile (internal/modules/cjs/loader.js:1085:14)
    at Object.Module._extensions..js (internal/modules/cjs/loader.js:1114:10)
    at Module.load (internal/modules/cjs/loader.js:950:32)
    at Function.Module._load (internal/modules/cjs/loader.js:790:12)
    at /usr/lib/node_modules/pm2/lib/ProcessContainer.js:303:25
    at wrapper (/usr/lib/node_modules/pm2/node_modules/async/internal/once.js:12:16)
    at next (/usr/lib/node_modules/pm2/node_modules/async/waterfall.js:96:20)
TypeError: Assignment to constant variable.
    at Object.<anonymous> (/home/ayanami/source/learn/koa2-weibo-code/koa2-weibo-learn/src/app.js:32:15)
    at Module._compile (internal/modules/cjs/loader.js:1085:14)
    at Object.Module._extensions..js (internal/modules/cjs/loader.js:1114:10)
    at Module.load (internal/modules/cjs/loader.js:950:32)
    at Function.Module._load (internal/modules/cjs/loader.js:790:12)
    at Module.require (internal/modules/cjs/loader.js:974:19)
    at Module.Hook._require.Module.require (/usr/lib/node_modules/pm2/node_modules/require-in-the-middle/index.js:80:39)
    at require (internal/modules/cjs/helpers.js:93:18)
    at Object.<anonymous> (/home/ayanami/source/learn/koa2-weibo-code/koa2-weibo-learn/bin/www:7:11)
    at Module._compile (internal/modules/cjs/loader.js:1085:14)
    at Object.Module._extensions..js (internal/modules/cjs/loader.js:1114:10)
    at Module.load (internal/modules/cjs/loader.js:950:32)
    at Function.Module._load (internal/modules/cjs/loader.js:790:12)
    at /usr/lib/node_modules/pm2/lib/ProcessContainer.js:303:25
    at wrapper (/usr/lib/node_modules/pm2/node_modules/async/internal/once.js:12:16)
    at next (/usr/lib/node_modules/pm2/node_modules/async/waterfall.js:96:20)
TypeError: Assignment to constant variable.
    at Object.<anonymous> (/home/ayanami/source/learn/koa2-weibo-code/koa2-weibo-learn/src/app.js:32:15)
    at Module._compile (internal/modules/cjs/loader.js:1085:14)
    at Object.Module._extensions..js (internal/modules/cjs/loader.js:1114:10)
    at Module.load (internal/modules/cjs/loader.js:950:32)
    at Function.Module._load (internal/modules/cjs/loader.js:790:12)
    at Module.require (internal/modules/cjs/loader.js:974:19)
    at Module.Hook._require.Module.require (/usr/lib/node_modules/pm2/node_modules/require-in-the-middle/index.js:80:39)
    at require (internal/modules/cjs/helpers.js:93:18)
    at Object.<anonymous> (/home/ayanami/source/learn/koa2-weibo-code/koa2-weibo-learn/bin/www:7:11)
    at Module._compile (internal/modules/cjs/loader.js:1085:14)
    at Object.Module._extensions..js (internal/modules/cjs/loader.js:1114:10)
    at Module.load (internal/modules/cjs/loader.js:950:32)
    at Function.Module._load (internal/modules/cjs/loader.js:790:12)
    at /usr/lib/node_modules/pm2/lib/ProcessContainer.js:303:25
    at wrapper (/usr/lib/node_modules/pm2/node_modules/async/internal/once.js:12:16)
    at next (/usr/lib/node_modules/pm2/node_modules/async/waterfall.js:96:20)
TypeError: Assignment to constant variable.
    at Object.<anonymous> (/home/ayanami/source/learn/koa2-weibo-code/koa2-weibo-learn/src/app.js:32:15)
    at Module._compile (internal/modules/cjs/loader.js:1085:14)
    at Object.Module._extensions..js (internal/modules/cjs/loader.js:1114:10)
    at Module.load (internal/modules/cjs/loader.js:950:32)
    at Function.Module._load (internal/modules/cjs/loader.js:790:12)
    at Module.require (internal/modules/cjs/loader.js:974:19)
    at Module.Hook._require.Module.require (/usr/lib/node_modules/pm2/node_modules/require-in-the-middle/index.js:80:39)
    at require (internal/modules/cjs/helpers.js:93:18)
    at Object.<anonymous> (/home/ayanami/source/learn/koa2-weibo-code/koa2-weibo-learn/bin/www:7:11)
    at Module._compile (internal/modules/cjs/loader.js:1085:14)
    at Object.Module._extensions..js (internal/modules/cjs/loader.js:1114:10)
    at Module.load (internal/modules/cjs/loader.js:950:32)
    at Function.Module._load (internal/modules/cjs/loader.js:790:12)
    at /usr/lib/node_modules/pm2/lib/ProcessContainer.js:303:25
    at wrapper (/usr/lib/node_modules/pm2/node_modules/async/internal/once.js:12:16)
    at next (/usr/lib/node_modules/pm2/node_modules/async/waterfall.js:96:20)
TypeError: Assignment to constant variable.
    at Object.<anonymous> (/home/ayanami/source/learn/koa2-weibo-code/koa2-weibo-learn/src/app.js:32:15)
    at Module._compile (internal/modules/cjs/loader.js:1085:14)
    at Object.Module._extensions..js (internal/modules/cjs/loader.js:1114:10)
    at Module.load (internal/modules/cjs/loader.js:950:32)
    at Function.Module._load (internal/modules/cjs/loader.js:790:12)
    at Module.require (internal/modules/cjs/loader.js:974:19)
    at Module.Hook._require.Module.require (/usr/lib/node_modules/pm2/node_modules/require-in-the-middle/index.js:80:39)
    at require (internal/modules/cjs/helpers.js:93:18)
    at Object.<anonymous> (/home/ayanami/source/learn/koa2-weibo-code/koa2-weibo-learn/bin/www:7:11)
    at Module._compile (internal/modules/cjs/loader.js:1085:14)
    at Object.Module._extensions..js (internal/modules/cjs/loader.js:1114:10)
    at Module.load (internal/modules/cjs/loader.js:950:32)
    at Function.Module._load (internal/modules/cjs/loader.js:790:12)
    at /usr/lib/node_modules/pm2/lib/ProcessContainer.js:303:25
    at wrapper (/usr/lib/node_modules/pm2/node_modules/async/internal/once.js:12:16)
    at next (/usr/lib/node_modules/pm2/node_modules/async/waterfall.js:96:20)
TypeError: Assignment to constant variable.
    at Object.<anonymous> (/home/ayanami/source/learn/koa2-weibo-code/koa2-weibo-learn/src/app.js:32:15)
    at Module._compile (internal/modules/cjs/loader.js:1085:14)
    at Object.Module._extensions..js (internal/modules/cjs/loader.js:1114:10)
    at Module.load (internal/modules/cjs/loader.js:950:32)
    at Function.Module._load (internal/modules/cjs/loader.js:790:12)
    at Module.require (internal/modules/cjs/loader.js:974:19)
    at Module.Hook._require.Module.require (/usr/lib/node_modules/pm2/node_modules/require-in-the-middle/index.js:80:39)
    at require (internal/modules/cjs/helpers.js:93:18)
    at Object.<anonymous> (/home/ayanami/source/learn/koa2-weibo-code/koa2-weibo-learn/bin/www:7:11)
    at Module._compile (internal/modules/cjs/loader.js:1085:14)
    at Object.Module._extensions..js (internal/modules/cjs/loader.js:1114:10)
    at Module.load (internal/modules/cjs/loader.js:950:32)
    at Function.Module._load (internal/modules/cjs/loader.js:790:12)
    at /usr/lib/node_modules/pm2/lib/ProcessContainer.js:303:25
    at wrapper (/usr/lib/node_modules/pm2/node_modules/async/internal/once.js:12:16)
    at next (/usr/lib/node_modules/pm2/node_modules/async/waterfall.js:96:20)
TypeError: Assignment to constant variable.
    at Object.<anonymous> (/home/ayanami/source/learn/koa2-weibo-code/koa2-weibo-learn/src/app.js:32:15)
    at Module._compile (internal/modules/cjs/loader.js:1085:14)
    at Object.Module._extensions..js (internal/modules/cjs/loader.js:1114:10)
    at Module.load (internal/modules/cjs/loader.js:950:32)
    at Function.Module._load (internal/modules/cjs/loader.js:790:12)
    at Module.require (internal/modules/cjs/loader.js:974:19)
    at Module.Hook._require.Module.require (/usr/lib/node_modules/pm2/node_modules/require-in-the-middle/index.js:80:39)
    at require (internal/modules/cjs/helpers.js:93:18)
    at Object.<anonymous> (/home/ayanami/source/learn/koa2-weibo-code/koa2-weibo-learn/bin/www:7:11)
    at Module._compile (internal/modules/cjs/loader.js:1085:14)
    at Object.Module._extensions..js (internal/modules/cjs/loader.js:1114:10)
    at Module.load (internal/modules/cjs/loader.js:950:32)
    at Function.Module._load (internal/modules/cjs/loader.js:790:12)
    at /usr/lib/node_modules/pm2/lib/ProcessContainer.js:303:25
    at wrapper (/usr/lib/node_modules/pm2/node_modules/async/internal/once.js:12:16)
    at next (/usr/lib/node_modules/pm2/node_modules/async/waterfall.js:96:20)
TypeError: Assignment to constant variable.
    at Object.<anonymous> (/home/ayanami/source/learn/koa2-weibo-code/koa2-weibo-learn/src/app.js:32:15)
    at Module._compile (internal/modules/cjs/loader.js:1085:14)
    at Object.Module._extensions..js (internal/modules/cjs/loader.js:1114:10)
    at Module.load (internal/modules/cjs/loader.js:950:32)
    at Function.Module._load (internal/modules/cjs/loader.js:790:12)
    at Module.require (internal/modules/cjs/loader.js:974:19)
    at Module.Hook._require.Module.require (/usr/lib/node_modules/pm2/node_modules/require-in-the-middle/index.js:80:39)
    at require (internal/modules/cjs/helpers.js:93:18)
    at Object.<anonymous> (/home/ayanami/source/learn/koa2-weibo-code/koa2-weibo-learn/bin/www:7:11)
    at Module._compile (internal/modules/cjs/loader.js:1085:14)
    at Object.Module._extensions..js (internal/modules/cjs/loader.js:1114:10)
    at Module.load (internal/modules/cjs/loader.js:950:32)
    at Function.Module._load (internal/modules/cjs/loader.js:790:12)
    at /usr/lib/node_modules/pm2/lib/ProcessContainer.js:303:25
    at wrapper (/usr/lib/node_modules/pm2/node_modules/async/internal/once.js:12:16)
    at next (/usr/lib/node_modules/pm2/node_modules/async/waterfall.js:96:20)
TypeError: Assignment to constant variable.
    at Object.<anonymous> (/home/ayanami/source/learn/koa2-weibo-code/koa2-weibo-learn/src/app.js:32:15)
    at Module._compile (internal/modules/cjs/loader.js:1085:14)
    at Object.Module._extensions..js (internal/modules/cjs/loader.js:1114:10)
    at Module.load (internal/modules/cjs/loader.js:950:32)
    at Function.Module._load (internal/modules/cjs/loader.js:790:12)
    at Module.require (internal/modules/cjs/loader.js:974:19)
    at Module.Hook._require.Module.require (/usr/lib/node_modules/pm2/node_modules/require-in-the-middle/index.js:80:39)
    at require (internal/modules/cjs/helpers.js:93:18)
    at Object.<anonymous> (/home/ayanami/source/learn/koa2-weibo-code/koa2-weibo-learn/bin/www:7:11)
    at Module._compile (internal/modules/cjs/loader.js:1085:14)
    at Object.Module._extensions..js (internal/modules/cjs/loader.js:1114:10)
    at Module.load (internal/modules/cjs/loader.js:950:32)
    at Function.Module._load (internal/modules/cjs/loader.js:790:12)
    at /usr/lib/node_modules/pm2/lib/ProcessContainer.js:303:25
    at wrapper (/usr/lib/node_modules/pm2/node_modules/async/internal/once.js:12:16)
    at next (/usr/lib/node_modules/pm2/node_modules/async/waterfall.js:96:20)
TypeError: Assignment to constant variable.
    at Object.<anonymous> (/home/ayanami/source/learn/koa2-weibo-code/koa2-weibo-learn/src/app.js:32:15)
    at Module._compile (internal/modules/cjs/loader.js:1085:14)
    at Object.Module._extensions..js (internal/modules/cjs/loader.js:1114:10)
    at Module.load (internal/modules/cjs/loader.js:950:32)
    at Function.Module._load (internal/modules/cjs/loader.js:790:12)
    at Module.require (internal/modules/cjs/loader.js:974:19)
    at Module.Hook._require.Module.require (/usr/lib/node_modules/pm2/node_modules/require-in-the-middle/index.js:80:39)
    at require (internal/modules/cjs/helpers.js:93:18)
    at Object.<anonymous> (/home/ayanami/source/learn/koa2-weibo-code/koa2-weibo-learn/bin/www:7:11)
    at Module._compile (internal/modules/cjs/loader.js:1085:14)
    at Object.Module._extensions..js (internal/modules/cjs/loader.js:1114:10)
    at Module.load (internal/modules/cjs/loader.js:950:32)
    at Function.Module._load (internal/modules/cjs/loader.js:790:12)
    at /usr/lib/node_modules/pm2/lib/ProcessContainer.js:303:25
    at wrapper (/usr/lib/node_modules/pm2/node_modules/async/internal/once.js:12:16)
    at next (/usr/lib/node_modules/pm2/node_modules/async/waterfall.js:96:20)
TypeError: Assignment to constant variable.
    at Object.<anonymous> (/home/ayanami/source/learn/koa2-weibo-code/koa2-weibo-learn/src/app.js:32:15)
    at Module._compile (internal/modules/cjs/loader.js:1085:14)
    at Object.Module._extensions..js (internal/modules/cjs/loader.js:1114:10)
    at Module.load (internal/modules/cjs/loader.js:950:32)
    at Function.Module._load (internal/modules/cjs/loader.js:790:12)
    at Module.require (internal/modules/cjs/loader.js:974:19)
    at Module.Hook._require.Module.require (/usr/lib/node_modules/pm2/node_modules/require-in-the-middle/index.js:80:39)
    at require (internal/modules/cjs/helpers.js:93:18)
    at Object.<anonymous> (/home/ayanami/source/learn/koa2-weibo-code/koa2-weibo-learn/bin/www:7:11)
    at Module._compile (internal/modules/cjs/loader.js:1085:14)
    at Object.Module._extensions..js (internal/modules/cjs/loader.js:1114:10)
    at Module.load (internal/modules/cjs/loader.js:950:32)
    at Function.Module._load (internal/modules/cjs/loader.js:790:12)
    at /usr/lib/node_modules/pm2/lib/ProcessContainer.js:303:25
    at wrapper (/usr/lib/node_modules/pm2/node_modules/async/internal/once.js:12:16)
    at next (/usr/lib/node_modules/pm2/node_modules/async/waterfall.js:96:20)
TypeError: Assignment to constant variable.
    at Object.<anonymous> (/home/ayanami/source/learn/koa2-weibo-code/koa2-weibo-learn/src/app.js:32:15)
    at Module._compile (internal/modules/cjs/loader.js:1085:14)
    at Object.Module._extensions..js (internal/modules/cjs/loader.js:1114:10)
    at Module.load (internal/modules/cjs/loader.js:950:32)
    at Function.Module._load (internal/modules/cjs/loader.js:790:12)
    at Module.require (internal/modules/cjs/loader.js:974:19)
    at Module.Hook._require.Module.require (/usr/lib/node_modules/pm2/node_modules/require-in-the-middle/index.js:80:39)
    at require (internal/modules/cjs/helpers.js:93:18)
    at Object.<anonymous> (/home/ayanami/source/learn/koa2-weibo-code/koa2-weibo-learn/bin/www:7:11)
    at Module._compile (internal/modules/cjs/loader.js:1085:14)
    at Object.Module._extensions..js (internal/modules/cjs/loader.js:1114:10)
    at Module.load (internal/modules/cjs/loader.js:950:32)
    at Function.Module._load (internal/modules/cjs/loader.js:790:12)
    at /usr/lib/node_modules/pm2/lib/ProcessContainer.js:303:25
    at wrapper (/usr/lib/node_modules/pm2/node_modules/async/internal/once.js:12:16)
    at next (/usr/lib/node_modules/pm2/node_modules/async/waterfall.js:96:20)
TypeError: Assignment to constant variable.
    at Object.<anonymous> (/home/ayanami/source/learn/koa2-weibo-code/koa2-weibo-learn/src/app.js:32:15)
    at Module._compile (internal/modules/cjs/loader.js:1085:14)
    at Object.Module._extensions..js (internal/modules/cjs/loader.js:1114:10)
    at Module.load (internal/modules/cjs/loader.js:950:32)
    at Function.Module._load (internal/modules/cjs/loader.js:790:12)
    at Module.require (internal/modules/cjs/loader.js:974:19)
    at Module.Hook._require.Module.require (/usr/lib/node_modules/pm2/node_modules/require-in-the-middle/index.js:80:39)
    at require (internal/modules/cjs/helpers.js:93:18)
    at Object.<anonymous> (/home/ayanami/source/learn/koa2-weibo-code/koa2-weibo-learn/bin/www:7:11)
    at Module._compile (internal/modules/cjs/loader.js:1085:14)
    at Object.Module._extensions..js (internal/modules/cjs/loader.js:1114:10)
    at Module.load (internal/modules/cjs/loader.js:950:32)
    at Function.Module._load (internal/modules/cjs/loader.js:790:12)
    at /usr/lib/node_modules/pm2/lib/ProcessContainer.js:303:25
    at wrapper (/usr/lib/node_modules/pm2/node_modules/async/internal/once.js:12:16)
    at next (/usr/lib/node_modules/pm2/node_modules/async/waterfall.js:96:20)
TypeError: Assignment to constant variable.
    at Object.<anonymous> (/home/ayanami/source/learn/koa2-weibo-code/koa2-weibo-learn/src/app.js:32:15)
    at Module._compile (internal/modules/cjs/loader.js:1085:14)
    at Object.Module._extensions..js (internal/modules/cjs/loader.js:1114:10)
    at Module.load (internal/modules/cjs/loader.js:950:32)
    at Function.Module._load (internal/modules/cjs/loader.js:790:12)
    at Module.require (internal/modules/cjs/loader.js:974:19)
    at Module.Hook._require.Module.require (/usr/lib/node_modules/pm2/node_modules/require-in-the-middle/index.js:80:39)
    at require (internal/modules/cjs/helpers.js:93:18)
    at Object.<anonymous> (/home/ayanami/source/learn/koa2-weibo-code/koa2-weibo-learn/bin/www:7:11)
    at Module._compile (internal/modules/cjs/loader.js:1085:14)
    at Object.Module._extensions..js (internal/modules/cjs/loader.js:1114:10)
    at Module.load (internal/modules/cjs/loader.js:950:32)
    at Function.Module._load (internal/modules/cjs/loader.js:790:12)
    at /usr/lib/node_modules/pm2/lib/ProcessContainer.js:303:25
    at wrapper (/usr/lib/node_modules/pm2/node_modules/async/internal/once.js:12:16)
    at next (/usr/lib/node_modules/pm2/node_modules/async/waterfall.js:96:20)
TypeError: Assignment to constant variable.
    at Object.<anonymous> (/home/ayanami/source/learn/koa2-weibo-code/koa2-weibo-learn/src/app.js:32:15)
    at Module._compile (internal/modules/cjs/loader.js:1085:14)
    at Object.Module._extensions..js (internal/modules/cjs/loader.js:1114:10)
    at Module.load (internal/modules/cjs/loader.js:950:32)
    at Function.Module._load (internal/modules/cjs/loader.js:790:12)
    at Module.require (internal/modules/cjs/loader.js:974:19)
    at Module.Hook._require.Module.require (/usr/lib/node_modules/pm2/node_modules/require-in-the-middle/index.js:80:39)
    at require (internal/modules/cjs/helpers.js:93:18)
    at Object.<anonymous> (/home/ayanami/source/learn/koa2-weibo-code/koa2-weibo-learn/bin/www:7:11)
    at Module._compile (internal/modules/cjs/loader.js:1085:14)
    at Object.Module._extensions..js (internal/modules/cjs/loader.js:1114:10)
    at Module.load (internal/modules/cjs/loader.js:950:32)
    at Function.Module._load (internal/modules/cjs/loader.js:790:12)
    at /usr/lib/node_modules/pm2/lib/ProcessContainer.js:303:25
    at wrapper (/usr/lib/node_modules/pm2/node_modules/async/internal/once.js:12:16)
    at next (/usr/lib/node_modules/pm2/node_modules/async/waterfall.js:96:20)
TypeError: Assignment to constant variable.
    at Object.<anonymous> (/home/ayanami/source/learn/koa2-weibo-code/koa2-weibo-learn/src/app.js:32:15)
    at Module._compile (internal/modules/cjs/loader.js:1085:14)
    at Object.Module._extensions..js (internal/modules/cjs/loader.js:1114:10)
    at Module.load (internal/modules/cjs/loader.js:950:32)
    at Function.Module._load (internal/modules/cjs/loader.js:790:12)
    at Module.require (internal/modules/cjs/loader.js:974:19)
    at Module.Hook._require.Module.require (/usr/lib/node_modules/pm2/node_modules/require-in-the-middle/index.js:80:39)
    at require (internal/modules/cjs/helpers.js:93:18)
    at Object.<anonymous> (/home/ayanami/source/learn/koa2-weibo-code/koa2-weibo-learn/bin/www:7:11)
    at Module._compile (internal/modules/cjs/loader.js:1085:14)
    at Object.Module._extensions..js (internal/modules/cjs/loader.js:1114:10)
    at Module.load (internal/modules/cjs/loader.js:950:32)
    at Function.Module._load (internal/modules/cjs/loader.js:790:12)
    at /usr/lib/node_modules/pm2/lib/ProcessContainer.js:303:25
    at wrapper (/usr/lib/node_modules/pm2/node_modules/async/internal/once.js:12:16)
    at next (/usr/lib/node_modules/pm2/node_modules/async/waterfall.js:96:20)
TypeError: Assignment to constant variable.
    at Object.<anonymous> (/home/ayanami/source/learn/koa2-weibo-code/koa2-weibo-learn/src/app.js:32:15)
    at Module._compile (internal/modules/cjs/loader.js:1085:14)
    at Object.Module._extensions..js (internal/modules/cjs/loader.js:1114:10)
    at Module.load (internal/modules/cjs/loader.js:950:32)
    at Function.Module._load (internal/modules/cjs/loader.js:790:12)
    at Module.require (internal/modules/cjs/loader.js:974:19)
    at Module.Hook._require.Module.require (/usr/lib/node_modules/pm2/node_modules/require-in-the-middle/index.js:80:39)
    at require (internal/modules/cjs/helpers.js:93:18)
    at Object.<anonymous> (/home/ayanami/source/learn/koa2-weibo-code/koa2-weibo-learn/bin/www:7:11)
    at Module._compile (internal/modules/cjs/loader.js:1085:14)
    at Object.Module._extensions..js (internal/modules/cjs/loader.js:1114:10)
    at Module.load (internal/modules/cjs/loader.js:950:32)
    at Function.Module._load (internal/modules/cjs/loader.js:790:12)
    at /usr/lib/node_modules/pm2/lib/ProcessContainer.js:303:25
    at wrapper (/usr/lib/node_modules/pm2/node_modules/async/internal/once.js:12:16)
    at next (/usr/lib/node_modules/pm2/node_modules/async/waterfall.js:96:20)
TypeError: Assignment to constant variable.
    at Object.<anonymous> (/home/ayanami/source/learn/koa2-weibo-code/koa2-weibo-learn/src/app.js:32:15)
    at Module._compile (internal/modules/cjs/loader.js:1085:14)
    at Object.Module._extensions..js (internal/modules/cjs/loader.js:1114:10)
    at Module.load (internal/modules/cjs/loader.js:950:32)
    at Function.Module._load (internal/modules/cjs/loader.js:790:12)
    at Module.require (internal/modules/cjs/loader.js:974:19)
    at Module.Hook._require.Module.require (/usr/lib/node_modules/pm2/node_modules/require-in-the-middle/index.js:80:39)
    at require (internal/modules/cjs/helpers.js:93:18)
    at Object.<anonymous> (/home/ayanami/source/learn/koa2-weibo-code/koa2-weibo-learn/bin/www:7:11)
    at Module._compile (internal/modules/cjs/loader.js:1085:14)
    at Object.Module._extensions..js (internal/modules/cjs/loader.js:1114:10)
    at Module.load (internal/modules/cjs/loader.js:950:32)
    at Function.Module._load (internal/modules/cjs/loader.js:790:12)
    at /usr/lib/node_modules/pm2/lib/ProcessContainer.js:303:25
    at wrapper (/usr/lib/node_modules/pm2/node_modules/async/internal/once.js:12:16)
    at next (/usr/lib/node_modules/pm2/node_modules/async/waterfall.js:96:20)
TypeError: Assignment to constant variable.
    at Object.<anonymous> (/home/ayanami/source/learn/koa2-weibo-code/koa2-weibo-learn/src/app.js:32:15)
    at Module._compile (internal/modules/cjs/loader.js:1085:14)
    at Object.Module._extensions..js (internal/modules/cjs/loader.js:1114:10)
    at Module.load (internal/modules/cjs/loader.js:950:32)
    at Function.Module._load (internal/modules/cjs/loader.js:790:12)
    at Module.require (internal/modules/cjs/loader.js:974:19)
    at Module.Hook._require.Module.require (/usr/lib/node_modules/pm2/node_modules/require-in-the-middle/index.js:80:39)
    at require (internal/modules/cjs/helpers.js:93:18)
    at Object.<anonymous> (/home/ayanami/source/learn/koa2-weibo-code/koa2-weibo-learn/bin/www:7:11)
    at Module._compile (internal/modules/cjs/loader.js:1085:14)
    at Object.Module._extensions..js (internal/modules/cjs/loader.js:1114:10)
    at Module.load (internal/modules/cjs/loader.js:950:32)
    at Function.Module._load (internal/modules/cjs/loader.js:790:12)
    at /usr/lib/node_modules/pm2/lib/ProcessContainer.js:303:25
    at wrapper (/usr/lib/node_modules/pm2/node_modules/async/internal/once.js:12:16)
    at next (/usr/lib/node_modules/pm2/node_modules/async/waterfall.js:96:20)
